<?xml version="1.0" encoding="UTF-8"?>
<!-- Generated by org.testng.reporters.JUnitReportReporter -->
<testsuite hostname="DESKTOP-270JFJI" failures="0" tests="1" name="scenarios.SwitchWindows" time="3.850" errors="0" timestamp="2024-04-21T13:03:34 CDT" skipped="0">
  <testcase classname="scenarios.SwitchWindows" name="switchWin" time="3.850"/>
  <system-out/>
</testsuite> <!-- scenarios.SwitchWindows -->
