<?xml version="1.0" encoding="UTF-8"?>
<!-- Generated by org.testng.reporters.JUnitReportReporter -->
<testsuite hostname="DESKTOP-270JFJI" failures="0" tests="1" name="scenarios.MouseActions" time="2.300" errors="0" timestamp="2024-04-21T13:03:34 CDT" skipped="0">
  <testcase classname="scenarios.MouseActions" name="draAnddrop" time="2.300"/>
  <system-out/>
</testsuite> <!-- scenarios.MouseActions -->
