<?xml version="1.0" encoding="UTF-8"?>
<!-- Generated by org.testng.reporters.JUnitReportReporter -->
<testsuite hostname="DESKTOP-270JFJI" failures="0" tests="1" name="scenarios.CheckBoxandRadioBtns" time="10.915" errors="0" timestamp="2024-04-21T15:56:07 CDT" skipped="0">
  <testcase classname="scenarios.CheckBoxandRadioBtns" name="handlingChkBoxRadBtns" time="10.915"/>
</testsuite> <!-- scenarios.CheckBoxandRadioBtns -->
